<?xml version="1.0" encoding="UTF-8"?>
<!-- Generated by org.testng.reporters.JUnitReportReporter -->
<testsuite hostname="DESKTOP-NMKE7HS" failures="0" tests="3" name="com.ebanking.master.RoleNg" time="3.865" errors="0" timestamp="2022-11-29T18:12:23 IST" skipped="0">
  <testcase classname="com.ebanking.master.RoleNg" name="Rol" time="1.547"/>
  <system-out/>
  <testcase classname="com.ebanking.master.RoleNg" name="Rol" time="1.151"/>
  <system-out/>
  <testcase classname="com.ebanking.master.RoleNg" name="Rol" time="1.167"/>
  <system-out/>
</testsuite> <!-- com.ebanking.master.RoleNg -->
