<?xml version="1.0" encoding="UTF-8"?>
<!-- Generated by org.testng.reporters.JUnitReportReporter -->
<testsuite hostname="DESKTOP-NMKE7HS" failures="0" tests="3" name="com.ebanking.master.Exepom" time="38.006" errors="0" timestamp="2022-12-14T15:17:18 IST" skipped="0">
  <testcase classname="com.ebanking.master.Exepom" name="RoleCr" time="11.918"/>
  <system-out/>
  <testcase classname="com.ebanking.master.Exepom" name="RoleCr" time="13.952"/>
  <system-out/>
  <testcase classname="com.ebanking.master.Exepom" name="RoleCr" time="12.136"/>
  <system-out/>
</testsuite> <!-- com.ebanking.master.Exepom -->
