<?xml version="1.0" encoding="UTF-8"?>
<!-- Generated by org.testng.reporters.JUnitReportReporter -->
<testsuite hostname="DESKTOP-NMKE7HS" failures="0" tests="2" name="com.ebanking.scripts.SampleNG" time="30.669" errors="0" timestamp="2022-11-29T13:11:13 IST" skipped="0">
  <testcase classname="com.ebanking.scripts.SampleNG" name="bcd" time="19.402"/>
  <system-out/>
  <testcase classname="com.ebanking.scripts.SampleNG" name="abc" time="11.267"/>
  <system-out/>
</testsuite> <!-- com.ebanking.scripts.SampleNG -->
